2022-04-04 10:11:39.955  INFO 4644 --- [restartedMain] c.e.demo.MyProductServiceApplication     : Starting MyProductServiceApplication using Java 11.0.8 on DESKTOP-TRSTGQ6 with PID 4644 (C:\Users\Vaibhav Maithani\Desktop\Nilay Sir\Feign Client By Nilay SIr\my-product-service\target\classes started by Vaibhav Maithani in C:\Users\Vaibhav Maithani\Desktop\Nilay Sir\Feign Client By Nilay SIr\my-product-service)
2022-04-04 10:11:39.973  INFO 4644 --- [restartedMain] c.e.demo.MyProductServiceApplication     : No active profile set, falling back to 1 default profile: "default"
2022-04-04 10:11:40.116  INFO 4644 --- [restartedMain] .e.DevToolsPropertyDefaultsPostProcessor : Devtools property defaults active! Set 'spring.devtools.add-properties' to 'false' to disable
2022-04-04 10:11:40.116  INFO 4644 --- [restartedMain] .e.DevToolsPropertyDefaultsPostProcessor : For additional web related logging consider setting the 'logging.level.web' property to 'DEBUG'
2022-04-04 10:11:42.252  INFO 4644 --- [restartedMain] .s.d.r.c.RepositoryConfigurationDelegate : Bootstrapping Spring Data JPA repositories in DEFAULT mode.
2022-04-04 10:11:42.370  INFO 4644 --- [restartedMain] .s.d.r.c.RepositoryConfigurationDelegate : Finished Spring Data repository scanning in 98 ms. Found 1 JPA repository interfaces.
2022-04-04 10:11:43.729  INFO 4644 --- [restartedMain] o.s.b.w.embedded.tomcat.TomcatWebServer  : Tomcat initialized with port(s): 9090 (http)
2022-04-04 10:11:43.750  INFO 4644 --- [restartedMain] o.apache.catalina.core.StandardService   : Starting service [Tomcat]
2022-04-04 10:11:43.751  INFO 4644 --- [restartedMain] org.apache.catalina.core.StandardEngine  : Starting Servlet engine: [Apache Tomcat/9.0.58]
2022-04-04 10:11:43.983  INFO 4644 --- [restartedMain] o.a.c.c.C.[Tomcat].[localhost].[/]       : Initializing Spring embedded WebApplicationContext
2022-04-04 10:11:43.984  INFO 4644 --- [restartedMain] w.s.c.ServletWebServerApplicationContext : Root WebApplicationContext: initialization completed in 3866 ms
2022-04-04 10:11:44.371  INFO 4644 --- [restartedMain] com.zaxxer.hikari.HikariDataSource       : HikariPool-1 - Starting...
2022-04-04 10:11:44.620  INFO 4644 --- [restartedMain] com.zaxxer.hikari.HikariDataSource       : HikariPool-1 - Start completed.
2022-04-04 10:11:44.642  INFO 4644 --- [restartedMain] o.s.b.a.h2.H2ConsoleAutoConfiguration    : H2 console available at '/h2-console'. Database available at 'jdbc:h2:mem:testdb'
2022-04-04 10:11:45.046  INFO 4644 --- [restartedMain] o.hibernate.jpa.internal.util.LogHelper  : HHH000204: Processing PersistenceUnitInfo [name: default]
2022-04-04 10:11:45.163  INFO 4644 --- [restartedMain] org.hibernate.Version                    : HHH000412: Hibernate ORM core version 5.6.5.Final
2022-04-04 10:11:45.482  INFO 4644 --- [restartedMain] o.hibernate.annotations.common.Version   : HCANN000001: Hibernate Commons Annotations {5.1.2.Final}
2022-04-04 10:11:45.818  INFO 4644 --- [restartedMain] org.hibernate.dialect.Dialect            : HHH000400: Using dialect: org.hibernate.dialect.H2Dialect
2022-04-04 10:11:47.285  INFO 4644 --- [restartedMain] o.h.e.t.j.p.i.JtaPlatformInitiator       : HHH000490: Using JtaPlatform implementation: [org.hibernate.engine.transaction.jta.platform.internal.NoJtaPlatform]
2022-04-04 10:11:47.308  INFO 4644 --- [restartedMain] j.LocalContainerEntityManagerFactoryBean : Initialized JPA EntityManagerFactory for persistence unit 'default'
2022-04-04 10:11:47.943  WARN 4644 --- [restartedMain] JpaBaseConfiguration$JpaWebConfiguration : spring.jpa.open-in-view is enabled by default. Therefore, database queries may be performed during view rendering. Explicitly configure spring.jpa.open-in-view to disable this warning
2022-04-04 10:11:49.128  WARN 4644 --- [restartedMain] o.s.b.d.a.OptionalLiveReloadServer       : Unable to start LiveReload server
2022-04-04 10:11:49.141  INFO 4644 --- [restartedMain] o.s.b.a.e.web.EndpointLinksResolver      : Exposing 14 endpoint(s) beneath base path '/actuator'
2022-04-04 10:11:49.261  INFO 4644 --- [restartedMain] o.s.b.w.embedded.tomcat.TomcatWebServer  : Tomcat started on port(s): 9090 (http) with context path ''
2022-04-04 10:11:49.307  INFO 4644 --- [restartedMain] c.e.demo.MyProductServiceApplication     : Started MyProductServiceApplication in 10.284 seconds (JVM running for 12.773)
2022-04-04 10:30:39.155  INFO 4644 --- [Thread-1] j.LocalContainerEntityManagerFactoryBean : Closing JPA EntityManagerFactory for persistence unit 'default'
2022-04-04 10:30:39.366  WARN 4644 --- [Thread-1] o.s.b.f.support.DisposableBeanAdapter    : Invocation of destroy method failed on bean with name 'inMemoryDatabaseShutdownExecutor': org.h2.jdbc.JdbcSQLNonTransientConnectionException: Database is already closed (to disable automatic closing at VM shutdown, add ";DB_CLOSE_ON_EXIT=FALSE" to the db URL) [90121-200]
2022-04-04 10:30:39.367  INFO 4644 --- [Thread-1] com.zaxxer.hikari.HikariDataSource       : HikariPool-1 - Shutdown initiated...
2022-04-04 10:30:39.372  INFO 4644 --- [Thread-1] com.zaxxer.hikari.HikariDataSource       : HikariPool-1 - Shutdown completed.
2022-04-04 10:30:39.473  INFO 4644 --- [restartedMain] c.e.demo.MyProductServiceApplication     : Starting MyProductServiceApplication using Java 11.0.8 on DESKTOP-TRSTGQ6 with PID 4644 (C:\Users\Vaibhav Maithani\Desktop\Nilay Sir\Feign Client By Nilay SIr\my-product-service\target\classes started by Vaibhav Maithani in C:\Users\Vaibhav Maithani\Desktop\Nilay Sir\Feign Client By Nilay SIr\my-product-service)
2022-04-04 10:30:39.473  INFO 4644 --- [restartedMain] c.e.demo.MyProductServiceApplication     : No active profile set, falling back to 1 default profile: "default"
2022-04-04 10:30:39.828  INFO 4644 --- [restartedMain] .s.d.r.c.RepositoryConfigurationDelegate : Bootstrapping Spring Data JPA repositories in DEFAULT mode.
2022-04-04 10:30:39.838  INFO 4644 --- [restartedMain] .s.d.r.c.RepositoryConfigurationDelegate : Finished Spring Data repository scanning in 9 ms. Found 1 JPA repository interfaces.
2022-04-04 10:30:39.933  INFO 4644 --- [restartedMain] o.s.b.w.embedded.tomcat.TomcatWebServer  : Tomcat initialized with port(s): 9090 (http)
2022-04-04 10:30:39.933  INFO 4644 --- [restartedMain] o.apache.catalina.core.StandardService   : Starting service [Tomcat]
2022-04-04 10:30:39.933  INFO 4644 --- [restartedMain] org.apache.catalina.core.StandardEngine  : Starting Servlet engine: [Apache Tomcat/9.0.58]
2022-04-04 10:30:39.957  INFO 4644 --- [restartedMain] o.a.c.c.C.[Tomcat].[localhost].[/]       : Initializing Spring embedded WebApplicationContext
2022-04-04 10:30:39.957  INFO 4644 --- [restartedMain] w.s.c.ServletWebServerApplicationContext : Root WebApplicationContext: initialization completed in 479 ms
2022-04-04 10:30:39.984  INFO 4644 --- [restartedMain] com.zaxxer.hikari.HikariDataSource       : HikariPool-2 - Starting...
2022-04-04 10:30:39.988  INFO 4644 --- [restartedMain] com.zaxxer.hikari.HikariDataSource       : HikariPool-2 - Start completed.
2022-04-04 10:30:39.988  INFO 4644 --- [restartedMain] o.s.b.a.h2.H2ConsoleAutoConfiguration    : H2 console available at '/h2-console'. Database available at 'jdbc:h2:mem:testdb'
2022-04-04 10:30:40.019  INFO 4644 --- [restartedMain] o.hibernate.jpa.internal.util.LogHelper  : HHH000204: Processing PersistenceUnitInfo [name: default]
2022-04-04 10:30:40.024  INFO 4644 --- [restartedMain] org.hibernate.dialect.Dialect            : HHH000400: Using dialect: org.hibernate.dialect.H2Dialect
2022-04-04 10:30:40.068  INFO 4644 --- [restartedMain] o.h.e.t.j.p.i.JtaPlatformInitiator       : HHH000490: Using JtaPlatform implementation: [org.hibernate.engine.transaction.jta.platform.internal.NoJtaPlatform]
2022-04-04 10:30:40.069  INFO 4644 --- [restartedMain] j.LocalContainerEntityManagerFactoryBean : Initialized JPA EntityManagerFactory for persistence unit 'default'
2022-04-04 10:30:40.130  WARN 4644 --- [restartedMain] JpaBaseConfiguration$JpaWebConfiguration : spring.jpa.open-in-view is enabled by default. Therefore, database queries may be performed during view rendering. Explicitly configure spring.jpa.open-in-view to disable this warning
2022-04-04 10:30:40.273  WARN 4644 --- [restartedMain] o.s.b.d.a.OptionalLiveReloadServer       : Unable to start LiveReload server
2022-04-04 10:30:40.277  INFO 4644 --- [restartedMain] o.s.b.a.e.web.EndpointLinksResolver      : Exposing 14 endpoint(s) beneath base path '/actuator'
2022-04-04 10:30:40.295  INFO 4644 --- [restartedMain] o.s.b.w.embedded.tomcat.TomcatWebServer  : Tomcat started on port(s): 9090 (http) with context path ''
2022-04-04 10:30:40.303  INFO 4644 --- [restartedMain] c.e.demo.MyProductServiceApplication     : Started MyProductServiceApplication in 0.862 seconds (JVM running for 1143.771)
2022-04-04 10:30:40.314  INFO 4644 --- [restartedMain] .ConditionEvaluationDeltaLoggingListener : Condition evaluation unchanged
2022-04-04 10:32:09.982  INFO 4644 --- [Thread-6] j.LocalContainerEntityManagerFactoryBean : Closing JPA EntityManagerFactory for persistence unit 'default'
2022-04-04 10:32:10.194  WARN 4644 --- [Thread-6] o.s.b.f.support.DisposableBeanAdapter    : Invocation of destroy method failed on bean with name 'inMemoryDatabaseShutdownExecutor': org.h2.jdbc.JdbcSQLNonTransientConnectionException: Database is already closed (to disable automatic closing at VM shutdown, add ";DB_CLOSE_ON_EXIT=FALSE" to the db URL) [90121-200]
2022-04-04 10:32:10.195  INFO 4644 --- [Thread-6] com.zaxxer.hikari.HikariDataSource       : HikariPool-2 - Shutdown initiated...
2022-04-04 10:32:10.198  INFO 4644 --- [Thread-6] com.zaxxer.hikari.HikariDataSource       : HikariPool-2 - Shutdown completed.
2022-04-04 10:32:10.320  INFO 4644 --- [restartedMain] c.e.demo.MyProductServiceApplication     : Starting MyProductServiceApplication using Java 11.0.8 on DESKTOP-TRSTGQ6 with PID 4644 (C:\Users\Vaibhav Maithani\Desktop\Nilay Sir\Feign Client By Nilay SIr\my-product-service\target\classes started by Vaibhav Maithani in C:\Users\Vaibhav Maithani\Desktop\Nilay Sir\Feign Client By Nilay SIr\my-product-service)
2022-04-04 10:32:10.321  INFO 4644 --- [restartedMain] c.e.demo.MyProductServiceApplication     : No active profile set, falling back to 1 default profile: "default"
2022-04-04 10:32:10.778  INFO 4644 --- [restartedMain] .s.d.r.c.RepositoryConfigurationDelegate : Bootstrapping Spring Data JPA repositories in DEFAULT mode.
2022-04-04 10:32:10.796  INFO 4644 --- [restartedMain] .s.d.r.c.RepositoryConfigurationDelegate : Finished Spring Data repository scanning in 17 ms. Found 1 JPA repository interfaces.
2022-04-04 10:32:10.922  INFO 4644 --- [restartedMain] o.s.b.w.embedded.tomcat.TomcatWebServer  : Tomcat initialized with port(s): 9090 (http)
2022-04-04 10:32:10.923  INFO 4644 --- [restartedMain] o.apache.catalina.core.StandardService   : Starting service [Tomcat]
2022-04-04 10:32:10.923  INFO 4644 --- [restartedMain] org.apache.catalina.core.StandardEngine  : Starting Servlet engine: [Apache Tomcat/9.0.58]
2022-04-04 10:32:10.956  INFO 4644 --- [restartedMain] o.a.c.c.C.[Tomcat].[localhost].[/]       : Initializing Spring embedded WebApplicationContext
2022-04-04 10:32:10.957  INFO 4644 --- [restartedMain] w.s.c.ServletWebServerApplicationContext : Root WebApplicationContext: initialization completed in 623 ms
2022-04-04 10:32:11.014  INFO 4644 --- [restartedMain] com.zaxxer.hikari.HikariDataSource       : HikariPool-3 - Starting...
2022-04-04 10:32:11.018  INFO 4644 --- [restartedMain] com.zaxxer.hikari.HikariDataSource       : HikariPool-3 - Start completed.
2022-04-04 10:32:11.018  INFO 4644 --- [restartedMain] o.s.b.a.h2.H2ConsoleAutoConfiguration    : H2 console available at '/h2-console'. Database available at 'jdbc:h2:mem:testdb'
2022-04-04 10:32:11.076  INFO 4644 --- [restartedMain] o.hibernate.jpa.internal.util.LogHelper  : HHH000204: Processing PersistenceUnitInfo [name: default]
2022-04-04 10:32:11.085  INFO 4644 --- [restartedMain] org.hibernate.dialect.Dialect            : HHH000400: Using dialect: org.hibernate.dialect.H2Dialect
2022-04-04 10:32:11.137  INFO 4644 --- [restartedMain] o.h.e.t.j.p.i.JtaPlatformInitiator       : HHH000490: Using JtaPlatform implementation: [org.hibernate.engine.transaction.jta.platform.internal.NoJtaPlatform]
2022-04-04 10:32:11.138  INFO 4644 --- [restartedMain] j.LocalContainerEntityManagerFactoryBean : Initialized JPA EntityManagerFactory for persistence unit 'default'
2022-04-04 10:32:11.214  WARN 4644 --- [restartedMain] JpaBaseConfiguration$JpaWebConfiguration : spring.jpa.open-in-view is enabled by default. Therefore, database queries may be performed during view rendering. Explicitly configure spring.jpa.open-in-view to disable this warning
2022-04-04 10:32:11.400  WARN 4644 --- [restartedMain] o.s.b.d.a.OptionalLiveReloadServer       : Unable to start LiveReload server
2022-04-04 10:32:11.405  INFO 4644 --- [restartedMain] o.s.b.a.e.web.EndpointLinksResolver      : Exposing 14 endpoint(s) beneath base path '/actuator'
2022-04-04 10:32:11.432  INFO 4644 --- [restartedMain] o.s.b.w.embedded.tomcat.TomcatWebServer  : Tomcat started on port(s): 9090 (http) with context path ''
2022-04-04 10:32:11.444  INFO 4644 --- [restartedMain] c.e.demo.MyProductServiceApplication     : Started MyProductServiceApplication in 1.17 seconds (JVM running for 1234.912)
2022-04-04 10:32:11.463  INFO 4644 --- [restartedMain] .ConditionEvaluationDeltaLoggingListener : Condition evaluation unchanged
2022-04-04 10:32:13.085  INFO 4644 --- [Thread-10] j.LocalContainerEntityManagerFactoryBean : Closing JPA EntityManagerFactory for persistence unit 'default'
2022-04-04 10:32:13.296  WARN 4644 --- [Thread-10] o.s.b.f.support.DisposableBeanAdapter    : Invocation of destroy method failed on bean with name 'inMemoryDatabaseShutdownExecutor': org.h2.jdbc.JdbcSQLNonTransientConnectionException: Database is already closed (to disable automatic closing at VM shutdown, add ";DB_CLOSE_ON_EXIT=FALSE" to the db URL) [90121-200]
2022-04-04 10:32:13.297  INFO 4644 --- [Thread-10] com.zaxxer.hikari.HikariDataSource       : HikariPool-3 - Shutdown initiated...
2022-04-04 10:32:13.301  INFO 4644 --- [Thread-10] com.zaxxer.hikari.HikariDataSource       : HikariPool-3 - Shutdown completed.
2022-04-04 10:32:13.402  INFO 4644 --- [restartedMain] c.e.demo.MyProductServiceApplication     : Starting MyProductServiceApplication using Java 11.0.8 on DESKTOP-TRSTGQ6 with PID 4644 (C:\Users\Vaibhav Maithani\Desktop\Nilay Sir\Feign Client By Nilay SIr\my-product-service\target\classes started by Vaibhav Maithani in C:\Users\Vaibhav Maithani\Desktop\Nilay Sir\Feign Client By Nilay SIr\my-product-service)
2022-04-04 10:32:13.402  INFO 4644 --- [restartedMain] c.e.demo.MyProductServiceApplication     : No active profile set, falling back to 1 default profile: "default"
2022-04-04 10:32:13.922  INFO 4644 --- [restartedMain] .s.d.r.c.RepositoryConfigurationDelegate : Bootstrapping Spring Data JPA repositories in DEFAULT mode.
2022-04-04 10:32:13.941  INFO 4644 --- [restartedMain] .s.d.r.c.RepositoryConfigurationDelegate : Finished Spring Data repository scanning in 19 ms. Found 1 JPA repository interfaces.
2022-04-04 10:32:14.122  INFO 4644 --- [restartedMain] o.s.b.w.embedded.tomcat.TomcatWebServer  : Tomcat initialized with port(s): 9090 (http)
2022-04-04 10:32:14.124  INFO 4644 --- [restartedMain] o.apache.catalina.core.StandardService   : Starting service [Tomcat]
2022-04-04 10:32:14.124  INFO 4644 --- [restartedMain] org.apache.catalina.core.StandardEngine  : Starting Servlet engine: [Apache Tomcat/9.0.58]
2022-04-04 10:32:14.252  INFO 4644 --- [restartedMain] o.a.c.c.C.[Tomcat].[localhost].[/]       : Initializing Spring embedded WebApplicationContext
2022-04-04 10:32:14.252  INFO 4644 --- [restartedMain] w.s.c.ServletWebServerApplicationContext : Root WebApplicationContext: initialization completed in 847 ms
2022-04-04 10:32:14.342  INFO 4644 --- [restartedMain] com.zaxxer.hikari.HikariDataSource       : HikariPool-4 - Starting...
2022-04-04 10:32:14.347  INFO 4644 --- [restartedMain] com.zaxxer.hikari.HikariDataSource       : HikariPool-4 - Start completed.
2022-04-04 10:32:14.347  INFO 4644 --- [restartedMain] o.s.b.a.h2.H2ConsoleAutoConfiguration    : H2 console available at '/h2-console'. Database available at 'jdbc:h2:mem:testdb'
2022-04-04 10:32:14.470  INFO 4644 --- [restartedMain] o.hibernate.jpa.internal.util.LogHelper  : HHH000204: Processing PersistenceUnitInfo [name: default]
2022-04-04 10:32:14.488  INFO 4644 --- [restartedMain] org.hibernate.dialect.Dialect            : HHH000400: Using dialect: org.hibernate.dialect.H2Dialect
2022-04-04 10:32:14.593  INFO 4644 --- [restartedMain] o.h.e.t.j.p.i.JtaPlatformInitiator       : HHH000490: Using JtaPlatform implementation: [org.hibernate.engine.transaction.jta.platform.internal.NoJtaPlatform]
2022-04-04 10:32:14.593  INFO 4644 --- [restartedMain] j.LocalContainerEntityManagerFactoryBean : Initialized JPA EntityManagerFactory for persistence unit 'default'
2022-04-04 10:32:14.743  WARN 4644 --- [restartedMain] JpaBaseConfiguration$JpaWebConfiguration : spring.jpa.open-in-view is enabled by default. Therefore, database queries may be performed during view rendering. Explicitly configure spring.jpa.open-in-view to disable this warning
2022-04-04 10:32:14.975  WARN 4644 --- [restartedMain] o.s.b.d.a.OptionalLiveReloadServer       : Unable to start LiveReload server
2022-04-04 10:32:14.980  INFO 4644 --- [restartedMain] o.s.b.a.e.web.EndpointLinksResolver      : Exposing 14 endpoint(s) beneath base path '/actuator'
2022-04-04 10:32:15.006  INFO 4644 --- [restartedMain] o.s.b.w.embedded.tomcat.TomcatWebServer  : Tomcat started on port(s): 9090 (http) with context path ''
2022-04-04 10:32:15.041  INFO 4644 --- [restartedMain] c.e.demo.MyProductServiceApplication     : Started MyProductServiceApplication in 1.678 seconds (JVM running for 1238.509)
2022-04-04 10:32:15.063  INFO 4644 --- [restartedMain] .ConditionEvaluationDeltaLoggingListener : Condition evaluation unchanged
2022-04-04 10:32:32.994  INFO 4644 --- [Thread-14] j.LocalContainerEntityManagerFactoryBean : Closing JPA EntityManagerFactory for persistence unit 'default'
2022-04-04 10:32:33.204  WARN 4644 --- [Thread-14] o.s.b.f.support.DisposableBeanAdapter    : Invocation of destroy method failed on bean with name 'inMemoryDatabaseShutdownExecutor': org.h2.jdbc.JdbcSQLNonTransientConnectionException: Database is already closed (to disable automatic closing at VM shutdown, add ";DB_CLOSE_ON_EXIT=FALSE" to the db URL) [90121-200]
2022-04-04 10:32:33.205  INFO 4644 --- [Thread-14] com.zaxxer.hikari.HikariDataSource       : HikariPool-4 - Shutdown initiated...
2022-04-04 10:32:33.213  INFO 4644 --- [Thread-14] com.zaxxer.hikari.HikariDataSource       : HikariPool-4 - Shutdown completed.
2022-04-04 10:32:33.288  INFO 4644 --- [restartedMain] c.e.demo.MyProductServiceApplication     : Starting MyProductServiceApplication using Java 11.0.8 on DESKTOP-TRSTGQ6 with PID 4644 (C:\Users\Vaibhav Maithani\Desktop\Nilay Sir\Feign Client By Nilay SIr\my-product-service\target\classes started by Vaibhav Maithani in C:\Users\Vaibhav Maithani\Desktop\Nilay Sir\Feign Client By Nilay SIr\my-product-service)
2022-04-04 10:32:33.289  INFO 4644 --- [restartedMain] c.e.demo.MyProductServiceApplication     : No active profile set, falling back to 1 default profile: "default"
2022-04-04 10:32:33.536  INFO 4644 --- [restartedMain] .s.d.r.c.RepositoryConfigurationDelegate : Bootstrapping Spring Data JPA repositories in DEFAULT mode.
2022-04-04 10:32:33.544  INFO 4644 --- [restartedMain] .s.d.r.c.RepositoryConfigurationDelegate : Finished Spring Data repository scanning in 8 ms. Found 1 JPA repository interfaces.
2022-04-04 10:32:33.619  INFO 4644 --- [restartedMain] o.s.b.w.embedded.tomcat.TomcatWebServer  : Tomcat initialized with port(s): 9090 (http)
2022-04-04 10:32:33.619  INFO 4644 --- [restartedMain] o.apache.catalina.core.StandardService   : Starting service [Tomcat]
2022-04-04 10:32:33.620  INFO 4644 --- [restartedMain] org.apache.catalina.core.StandardEngine  : Starting Servlet engine: [Apache Tomcat/9.0.58]
2022-04-04 10:32:33.637  INFO 4644 --- [restartedMain] o.a.c.c.C.[Tomcat].[localhost].[/]       : Initializing Spring embedded WebApplicationContext
2022-04-04 10:32:33.638  INFO 4644 --- [restartedMain] w.s.c.ServletWebServerApplicationContext : Root WebApplicationContext: initialization completed in 347 ms
2022-04-04 10:32:33.662  INFO 4644 --- [restartedMain] com.zaxxer.hikari.HikariDataSource       : HikariPool-5 - Starting...
2022-04-04 10:32:33.664  INFO 4644 --- [restartedMain] com.zaxxer.hikari.HikariDataSource       : HikariPool-5 - Start completed.
2022-04-04 10:32:33.664  INFO 4644 --- [restartedMain] o.s.b.a.h2.H2ConsoleAutoConfiguration    : H2 console available at '/h2-console'. Database available at 'jdbc:h2:mem:testdb'
2022-04-04 10:32:33.691  INFO 4644 --- [restartedMain] o.hibernate.jpa.internal.util.LogHelper  : HHH000204: Processing PersistenceUnitInfo [name: default]
2022-04-04 10:32:33.696  INFO 4644 --- [restartedMain] org.hibernate.dialect.Dialect            : HHH000400: Using dialect: org.hibernate.dialect.H2Dialect
2022-04-04 10:32:33.722  INFO 4644 --- [restartedMain] o.h.e.t.j.p.i.JtaPlatformInitiator       : HHH000490: Using JtaPlatform implementation: [org.hibernate.engine.transaction.jta.platform.internal.NoJtaPlatform]
2022-04-04 10:32:33.723  INFO 4644 --- [restartedMain] j.LocalContainerEntityManagerFactoryBean : Initialized JPA EntityManagerFactory for persistence unit 'default'
2022-04-04 10:32:33.773  WARN 4644 --- [restartedMain] JpaBaseConfiguration$JpaWebConfiguration : spring.jpa.open-in-view is enabled by default. Therefore, database queries may be performed during view rendering. Explicitly configure spring.jpa.open-in-view to disable this warning
2022-04-04 10:32:33.902  WARN 4644 --- [restartedMain] o.s.b.d.a.OptionalLiveReloadServer       : Unable to start LiveReload server
2022-04-04 10:32:33.905  INFO 4644 --- [restartedMain] o.s.b.a.e.web.EndpointLinksResolver      : Exposing 14 endpoint(s) beneath base path '/actuator'
2022-04-04 10:32:33.920  INFO 4644 --- [restartedMain] o.s.b.w.embedded.tomcat.TomcatWebServer  : Tomcat started on port(s): 9090 (http) with context path ''
2022-04-04 10:32:33.928  INFO 4644 --- [restartedMain] c.e.demo.MyProductServiceApplication     : Started MyProductServiceApplication in 0.665 seconds (JVM running for 1257.395)
2022-04-04 10:32:33.937  INFO 4644 --- [restartedMain] .ConditionEvaluationDeltaLoggingListener : Condition evaluation unchanged
2022-04-04 10:44:58.973  INFO 4644 --- [Thread-18] j.LocalContainerEntityManagerFactoryBean : Closing JPA EntityManagerFactory for persistence unit 'default'
2022-04-04 10:44:59.185  WARN 4644 --- [Thread-18] o.s.b.f.support.DisposableBeanAdapter    : Invocation of destroy method failed on bean with name 'inMemoryDatabaseShutdownExecutor': org.h2.jdbc.JdbcSQLNonTransientConnectionException: Database is already closed (to disable automatic closing at VM shutdown, add ";DB_CLOSE_ON_EXIT=FALSE" to the db URL) [90121-200]
2022-04-04 10:44:59.186  INFO 4644 --- [Thread-18] com.zaxxer.hikari.HikariDataSource       : HikariPool-5 - Shutdown initiated...
2022-04-04 10:44:59.188  INFO 4644 --- [Thread-18] com.zaxxer.hikari.HikariDataSource       : HikariPool-5 - Shutdown completed.
